2021-02-28T16:16:46.216+0100 INFO USER CREATING PROCESS STARTED...
2021-02-28T16:16:46.237+0100 INFO USERNAME SET TO: test
2021-02-28T16:16:46.249+0100 INFO USER test SUCCESSFULLY STORED!
2021-02-28T16:16:47.861+0100 INFO Starting SareetaApplicationTests on MrP with PID 13972 (started by Mr. Perfectionista in C:\Data\Coding\java-udacity\nd035-c4-Security-and-DevOps-master\starter_code)
2021-02-28T16:16:47.863+0100 DEBUG Running with Spring Boot v2.1.5.RELEASE, Spring v5.1.7.RELEASE
2021-02-28T16:16:47.865+0100 INFO No active profile set, falling back to default profiles: default
2021-02-28T16:17:02.237+0100 INFO Started SareetaApplicationTests in 15.12 seconds (JVM running for 20.508)
2021-02-28T16:18:40.355+0100 INFO USER CREATING PROCESS STARTED...
2021-02-28T16:18:40.376+0100 INFO USERNAME SET TO: test
2021-02-28T16:18:40.390+0100 INFO USER test SUCCESSFULLY STORED!
2021-02-28T16:18:42.698+0100 INFO Starting SareetaApplicationTests on MrP with PID 8720 (started by Mr. Perfectionista in C:\Data\Coding\java-udacity\nd035-c4-Security-and-DevOps-master\starter_code)
2021-02-28T16:18:42.700+0100 DEBUG Running with Spring Boot v2.1.5.RELEASE, Spring v5.1.7.RELEASE
2021-02-28T16:18:42.701+0100 INFO No active profile set, falling back to default profiles: default
2021-02-28T16:19:04.828+0100 INFO Started SareetaApplicationTests in 23.015 seconds (JVM running for 30.865)
2021-02-28T17:40:06.486+0100 INFO USER CREATING PROCESS STARTED...
2021-02-28T17:40:06.513+0100 INFO USERNAME SET TO: TEST
2021-02-28T17:40:06.521+0100 INFO USER TEST SUCCESSFULLY STORED!
2021-02-28T17:40:06.577+0100 INFO USER TESTUSER SUCCESSFULLY SUBMITTED AN ORDER com.example.demo.model.persistence.UserOrder@6f89292e
2021-02-28T17:40:59.543+0100 ERROR USERNAMENONUSERNOT FOUND
2021-02-28T17:42:57.149+0100 INFO USER CREATING PROCESS STARTED...
2021-02-28T17:42:57.374+0100 INFO USERNAME SET TO: TEST
2021-02-28T17:42:57.389+0100 INFO USER TEST SUCCESSFULLY STORED!
2021-02-28T17:42:57.467+0100 INFO RETURNING ALL ORDERS OF USER TESTUSER SUCCESSFUL
2021-02-28T17:43:30.909+0100 ERROR USERNAMENONUSERNOT FOUND
2021-02-28T17:43:31.006+0100 ERROR USERNAMENONUSERNOT FOUND
2021-02-28T17:43:31.018+0100 INFO USER CREATING PROCESS STARTED...
2021-02-28T17:43:31.022+0100 INFO USERNAME SET TO: TEST
2021-02-28T17:43:31.073+0100 INFO USER TEST SUCCESSFULLY STORED!
2021-02-28T17:43:31.081+0100 INFO USER TESTUSER SUCCESSFULLY SUBMITTED AN ORDER com.example.demo.model.persistence.UserOrder@504e1599
2021-02-28T17:43:31.090+0100 INFO USER CREATING PROCESS STARTED...
2021-02-28T17:43:31.091+0100 INFO USERNAME SET TO: TEST
2021-02-28T17:43:31.093+0100 INFO USER TEST SUCCESSFULLY STORED!
2021-02-28T17:43:31.094+0100 INFO RETURNING ALL ORDERS OF USER TESTUSER SUCCESSFUL
2021-02-28T17:44:03.358+0100 INFO Starting SareetaApplicationTests on MrP with PID 21532 (started by Mr. Perfectionista in C:\Data\Coding\java-udacity\nd035-c4-Security-and-DevOps-master\starter_code)
2021-02-28T17:44:03.360+0100 DEBUG Running with Spring Boot v2.1.5.RELEASE, Spring v5.1.7.RELEASE
2021-02-28T17:44:03.362+0100 INFO No active profile set, falling back to default profiles: default
2021-02-28T17:44:17.897+0100 INFO Started SareetaApplicationTests in 15.852 seconds (JVM running for 20.412)
2021-02-28T17:48:37.033+0100 INFO USER CREATING PROCESS STARTED...
2021-02-28T17:48:37.054+0100 INFO USERNAME SET TO: test
2021-02-28T17:48:37.086+0100 INFO USER test SUCCESSFULLY STORED!
2021-02-28T17:48:37.475+0100 INFO USER CREATING PROCESS STARTED...
2021-02-28T17:48:37.477+0100 INFO USERNAME SET TO: TESTUSER
2021-02-28T17:48:37.481+0100 INFO USER TESTUSER SUCCESSFULLY STORED!
2021-02-28T17:51:58.595+0100 INFO USER CREATING PROCESS STARTED...
2021-02-28T17:51:58.627+0100 INFO USERNAME SET TO: test
2021-02-28T17:51:58.639+0100 INFO USER test SUCCESSFULLY STORED!
2021-02-28T17:53:36.008+0100 INFO USER CREATING PROCESS STARTED...
2021-02-28T17:53:36.025+0100 INFO USERNAME SET TO: test
2021-02-28T17:53:36.032+0100 INFO USER test SUCCESSFULLY STORED!
2021-02-28T17:54:30.105+0100 ERROR USERNAMENONUSERNOT FOUND
2021-02-28T17:54:30.149+0100 ERROR USERNAMENONUSERNOT FOUND
2021-02-28T17:54:30.156+0100 INFO USER CREATING PROCESS STARTED...
2021-02-28T17:54:30.160+0100 INFO USERNAME SET TO: TEST
2021-02-28T17:54:30.164+0100 INFO USER TEST SUCCESSFULLY STORED!
2021-02-28T17:54:30.166+0100 INFO USER TESTUSER SUCCESSFULLY SUBMITTED AN ORDER com.example.demo.model.persistence.UserOrder@cb03411
2021-02-28T17:54:30.171+0100 INFO USER CREATING PROCESS STARTED...
2021-02-28T17:54:30.172+0100 INFO USERNAME SET TO: TEST
2021-02-28T17:54:30.173+0100 INFO USER TEST SUCCESSFULLY STORED!
2021-02-28T17:54:30.174+0100 INFO RETURNING ALL ORDERS OF USER TESTUSER SUCCESSFUL
2021-02-28T17:54:30.190+0100 INFO USER CREATING PROCESS STARTED...
2021-02-28T17:54:30.190+0100 INFO USERNAME SET TO: test
2021-02-28T17:54:30.191+0100 INFO USER test SUCCESSFULLY STORED!
2021-02-28T17:55:56.605+0100 INFO Starting SareetaApplicationTests on MrP with PID 11400 (started by Mr. Perfectionista in C:\Data\Coding\java-udacity\nd035-c4-Security-and-DevOps-master\starter_code)
2021-02-28T17:55:56.608+0100 DEBUG Running with Spring Boot v2.1.5.RELEASE, Spring v5.1.7.RELEASE
2021-02-28T17:55:56.610+0100 INFO No active profile set, falling back to default profiles: default
2021-02-28T17:56:12.807+0100 INFO Started SareetaApplicationTests in 17.105 seconds (JVM running for 25.126)
2021-02-28T17:56:13.796+0100 ERROR USERNAMENONUSERNOT FOUND
2021-02-28T17:56:13.819+0100 ERROR USERNAMENONUSERNOT FOUND
2021-02-28T17:56:13.825+0100 INFO USER CREATING PROCESS STARTED...
2021-02-28T17:56:13.826+0100 INFO USERNAME SET TO: TEST
2021-02-28T17:56:13.830+0100 INFO USER TEST SUCCESSFULLY STORED!
2021-02-28T17:56:13.831+0100 INFO USER TESTUSER SUCCESSFULLY SUBMITTED AN ORDER com.example.demo.model.persistence.UserOrder@74f9004c
2021-02-28T17:56:13.844+0100 INFO USER CREATING PROCESS STARTED...
2021-02-28T17:56:13.845+0100 INFO USERNAME SET TO: TEST
2021-02-28T17:56:13.845+0100 INFO USER TEST SUCCESSFULLY STORED!
2021-02-28T17:56:13.846+0100 INFO RETURNING ALL ORDERS OF USER TESTUSER SUCCESSFUL
2021-02-28T17:56:13.857+0100 INFO USER CREATING PROCESS STARTED...
2021-02-28T17:56:13.858+0100 INFO USERNAME SET TO: test
2021-02-28T17:56:13.859+0100 INFO USER test SUCCESSFULLY STORED!
